c:\users\ojas juneja\desktop\git\xmldocumentmodel\executive\debug\vc140.pdb
c:\users\ojas juneja\desktop\git\xmldocumentmodel\executive\debug\vc140.idb
c:\users\ojas juneja\desktop\git\xmldocumentmodel\executive\debug\display.obj
c:\users\ojas juneja\desktop\git\xmldocumentmodel\executive\debug\configureparser.obj
c:\users\ojas juneja\desktop\git\xmldocumentmodel\executive\debug\parser.obj
c:\users\ojas juneja\desktop\git\xmldocumentmodel\executive\debug\rulesandactions.obj
c:\users\ojas juneja\desktop\git\xmldocumentmodel\executive\debug\xmldocument.obj
c:\users\ojas juneja\desktop\git\xmldocumentmodel\executive\debug\tokenizer.obj
c:\users\ojas juneja\desktop\git\xmldocumentmodel\executive\debug\xmlelementparts.obj
c:\users\ojas juneja\desktop\git\xmldocumentmodel\executive\debug\xmlelement.obj
c:\users\ojas juneja\desktop\git\xmldocumentmodel\executive\debug\executive.obj
c:\users\ojas juneja\desktop\git\xmldocumentmodel\debug\executive.ilk
c:\users\ojas juneja\desktop\git\xmldocumentmodel\debug\executive.exe
c:\users\ojas juneja\desktop\git\xmldocumentmodel\debug\executive.pdb
c:\users\ojas juneja\desktop\git\xmldocumentmodel\executive\debug\executive.tlog\cl.command.1.tlog
c:\users\ojas juneja\desktop\git\xmldocumentmodel\executive\debug\executive.tlog\cl.read.1.tlog
c:\users\ojas juneja\desktop\git\xmldocumentmodel\executive\debug\executive.tlog\cl.write.1.tlog
c:\users\ojas juneja\desktop\git\xmldocumentmodel\executive\debug\executive.tlog\link.command.1.tlog
c:\users\ojas juneja\desktop\git\xmldocumentmodel\executive\debug\executive.tlog\link.read.1.tlog
c:\users\ojas juneja\desktop\git\xmldocumentmodel\executive\debug\executive.tlog\link.write.1.tlog
